0 info it worked if it ends with ok
1 verbose cli [ '/usr/bin/nodejs',
1 verbose cli   '/usr/bin/npm',
1 verbose cli   'install',
1 verbose cli   '--save',
1 verbose cli   'connect-flash' ]
2 info using npm@3.5.2
3 info using node@v4.7.2
4 silly loadCurrentTree Starting
5 silly install loadCurrentTree
6 silly install readLocalPackageData
7 silly fetchPackageMetaData connect-flash@^0.1.1
8 silly fetchNamedPackageData connect-flash
9 silly mapToRegistry name connect-flash
10 silly mapToRegistry using default registry
11 silly mapToRegistry registry https://registry.npmjs.org/
12 silly mapToRegistry uri https://registry.npmjs.org/connect-flash
13 verbose request uri https://registry.npmjs.org/connect-flash
14 verbose request no auth needed
15 info attempt registry request try #1 at 5:54:00 PM
16 verbose request id e98be58cfc41b762
17 http request GET https://registry.npmjs.org/connect-flash
18 http 200 https://registry.npmjs.org/connect-flash
19 verbose headers { 'content-type': 'application/json; charset=UTF-8',
19 verbose headers   server: 'UploadServer',
19 verbose headers   'cache-control': 'max-age=300',
19 verbose headers   'last-modified': 'Thu, 28 Dec 2017 2:08:07 GMT',
19 verbose headers   etag: '"5a445207-19e5"',
19 verbose headers   'content-encoding': 'gzip',
19 verbose headers   'content-length': '2443',
19 verbose headers   'accept-ranges': 'bytes',
19 verbose headers   date: 'Thu, 28 Dec 2017 12:54:04 GMT',
19 verbose headers   via: '1.1 varnish',
19 verbose headers   age: '3675',
19 verbose headers   connection: 'keep-alive',
19 verbose headers   'x-served-by': 'cache-cdg8727-CDG',
19 verbose headers   'x-cache': 'HIT',
19 verbose headers   'x-cache-hits': '2',
19 verbose headers   'x-timer': 'S1514465644.367185,VS0,VE0',
19 verbose headers   vary: 'Accept-Encoding, Accept' }
20 silly get cb [ 200,
20 silly get   { 'content-type': 'application/json; charset=UTF-8',
20 silly get     server: 'UploadServer',
20 silly get     'cache-control': 'max-age=300',
20 silly get     'last-modified': 'Thu, 28 Dec 2017 2:08:07 GMT',
20 silly get     etag: '"5a445207-19e5"',
20 silly get     'content-encoding': 'gzip',
20 silly get     'content-length': '2443',
20 silly get     'accept-ranges': 'bytes',
20 silly get     date: 'Thu, 28 Dec 2017 12:54:04 GMT',
20 silly get     via: '1.1 varnish',
20 silly get     age: '3675',
20 silly get     connection: 'keep-alive',
20 silly get     'x-served-by': 'cache-cdg8727-CDG',
20 silly get     'x-cache': 'HIT',
20 silly get     'x-cache-hits': '2',
20 silly get     'x-timer': 'S1514465644.367185,VS0,VE0',
20 silly get     vary: 'Accept-Encoding, Accept' } ]
21 verbose get saving connect-flash to /home/saifraza/.npm/registry.npmjs.org/connect-flash/.cache.json
22 silly install normalizeTree
23 silly loadCurrentTree Finishing
24 silly loadIdealTree Starting
25 silly install loadIdealTree
26 silly cloneCurrentTree Starting
27 silly install cloneCurrentTreeToIdealTree
28 silly cloneCurrentTree Finishing
29 silly loadShrinkwrap Starting
30 silly install loadShrinkwrap
31 silly loadShrinkwrap Finishing
32 silly loadAllDepsIntoIdealTree Starting
33 silly install loadAllDepsIntoIdealTree
34 silly resolveWithNewModule connect-flash@0.1.1 checking installable status
35 silly cache add args [ 'connect-flash@^0.1.1', null ]
36 verbose cache add spec connect-flash@^0.1.1
37 silly cache add parsed spec Result {
37 silly cache add   raw: 'connect-flash@^0.1.1',
37 silly cache add   scope: null,
37 silly cache add   name: 'connect-flash',
37 silly cache add   rawSpec: '^0.1.1',
37 silly cache add   spec: '>=0.1.1 <0.2.0',
37 silly cache add   type: 'range' }
38 silly addNamed connect-flash@>=0.1.1 <0.2.0
39 verbose addNamed ">=0.1.1 <0.2.0" is a valid semver range for connect-flash
40 silly addNameRange { name: 'connect-flash',
40 silly addNameRange   range: '>=0.1.1 <0.2.0',
40 silly addNameRange   hasData: false }
41 silly mapToRegistry name connect-flash
42 silly mapToRegistry using default registry
43 silly mapToRegistry registry https://registry.npmjs.org/
44 silly mapToRegistry uri https://registry.npmjs.org/connect-flash
45 verbose addNameRange registry:https://registry.npmjs.org/connect-flash not in flight; fetching
46 verbose get https://registry.npmjs.org/connect-flash not expired, no request
47 silly addNameRange number 2 { name: 'connect-flash', range: '>=0.1.1 <0.2.0', hasData: true }
48 silly addNameRange versions [ 'connect-flash', [ '0.1.0', '0.1.1' ] ]
49 silly addNamed connect-flash@0.1.1
50 verbose addNamed "0.1.1" is a plain semver version for connect-flash
51 silly mapToRegistry name connect-flash
52 silly mapToRegistry using default registry
53 silly mapToRegistry registry https://registry.npmjs.org/
54 silly mapToRegistry uri https://registry.npmjs.org/connect-flash
55 verbose addRemoteTarball https://registry.npmjs.org/connect-flash/-/connect-flash-0.1.1.tgz not in flight; adding
56 verbose addRemoteTarball [ 'https://registry.npmjs.org/connect-flash/-/connect-flash-0.1.1.tgz',
56 verbose addRemoteTarball   'd8630f26d95a7f851f9956b1e8cc6732f3b6aa30' ]
57 info retry fetch attempt 1 at 5:54:05 PM
58 info attempt registry request try #1 at 5:54:05 PM
59 http fetch GET https://registry.npmjs.org/connect-flash/-/connect-flash-0.1.1.tgz
60 http fetch 200 https://registry.npmjs.org/connect-flash/-/connect-flash-0.1.1.tgz
61 silly fetchAndShaCheck shasum d8630f26d95a7f851f9956b1e8cc6732f3b6aa30
62 verbose addTmpTarball /tmp/npm-5300-57c67501/registry.npmjs.org/connect-flash/-/connect-flash-0.1.1.tgz not in flight; adding
63 verbose addTmpTarball already have metadata; skipping unpack for connect-flash@0.1.1
64 silly cache afterAdd connect-flash@0.1.1
65 verbose afterAdd /home/saifraza/.npm/connect-flash/0.1.1/package/package.json not in flight; writing
66 verbose afterAdd /home/saifraza/.npm/connect-flash/0.1.1/package/package.json written
67 silly fetchNamedPackageData fsevents
68 silly mapToRegistry name fsevents
69 silly mapToRegistry using default registry
70 silly mapToRegistry registry https://registry.npmjs.org/
71 silly mapToRegistry uri https://registry.npmjs.org/fsevents
72 verbose request uri https://registry.npmjs.org/fsevents
73 verbose request no auth needed
74 info attempt registry request try #1 at 5:54:07 PM
75 verbose etag "5a1e8efd-e513"
76 verbose lastModified Wed, 29 Nov 2017 10:42:05 GMT
77 http request GET https://registry.npmjs.org/fsevents
78 http 304 https://registry.npmjs.org/fsevents
79 verbose headers { date: 'Thu, 28 Dec 2017 12:54:07 GMT',
79 verbose headers   via: '1.1 varnish',
79 verbose headers   'cache-control': 'max-age=300',
79 verbose headers   etag: '"5a1e8efd-e513"',
79 verbose headers   age: '11799',
79 verbose headers   connection: 'keep-alive',
79 verbose headers   'x-served-by': 'cache-cdg8727-CDG',
79 verbose headers   'x-cache': 'HIT',
79 verbose headers   'x-cache-hits': '525',
79 verbose headers   'x-timer': 'S1514465647.302899,VS0,VE0',
79 verbose headers   vary: 'Accept-Encoding, Accept' }
80 silly get cb [ 304,
80 silly get   { date: 'Thu, 28 Dec 2017 12:54:07 GMT',
80 silly get     via: '1.1 varnish',
80 silly get     'cache-control': 'max-age=300',
80 silly get     etag: '"5a1e8efd-e513"',
80 silly get     age: '11799',
80 silly get     connection: 'keep-alive',
80 silly get     'x-served-by': 'cache-cdg8727-CDG',
80 silly get     'x-cache': 'HIT',
80 silly get     'x-cache-hits': '525',
80 silly get     'x-timer': 'S1514465647.302899,VS0,VE0',
80 silly get     vary: 'Accept-Encoding, Accept' } ]
81 verbose etag https://registry.npmjs.org/fsevents from cache
82 verbose get saving fsevents to /home/saifraza/.npm/registry.npmjs.org/fsevents/.cache.json
83 silly resolveWithNewModule fsevents@1.1.3 checking installable status
84 silly loadAllDepsIntoIdealTree Finishing
85 silly idealTree:prePrune helper@0.0.0
85 silly idealTree:prePrune ├── @types/body-parser@1.16.8
85 silly idealTree:prePrune ├── @types/express-serve-static-core@4.0.57
85 silly idealTree:prePrune ├── @types/express@4.0.39
85 silly idealTree:prePrune ├── @types/mime@2.0.0
85 silly idealTree:prePrune ├── @types/node@8.0.57
85 silly idealTree:prePrune ├── @types/serve-static@1.13.1
85 silly idealTree:prePrune ├── abbrev@1.1.1
85 silly idealTree:prePrune ├── accepts@1.3.4
85 silly idealTree:prePrune ├── ajv@4.11.8
85 silly idealTree:prePrune ├── align-text@0.1.4
85 silly idealTree:prePrune ├── amdefine@1.0.1
85 silly idealTree:prePrune ├── ansi-align@2.0.0
85 silly idealTree:prePrune ├── ansi-regex@3.0.0
85 silly idealTree:prePrune ├── ansi-styles@3.2.0
85 silly idealTree:prePrune ├── anymatch@1.3.2
85 silly idealTree:prePrune ├── append-field@0.1.0
85 silly idealTree:prePrune ├── aproba@1.2.0
85 silly idealTree:prePrune ├── are-we-there-yet@1.1.4
85 silly idealTree:prePrune ├── arr-diff@2.0.0
85 silly idealTree:prePrune ├── arr-flatten@1.1.0
85 silly idealTree:prePrune ├── array-flatten@1.1.1
85 silly idealTree:prePrune ├── array-unique@0.2.1
85 silly idealTree:prePrune ├── asap@2.0.6
85 silly idealTree:prePrune ├── asn1@0.2.3
85 silly idealTree:prePrune ├── assert-plus@0.2.0
85 silly idealTree:prePrune ├── async-each@1.0.1
85 silly idealTree:prePrune ├── async@2.1.4
85 silly idealTree:prePrune ├── asynckit@0.4.0
85 silly idealTree:prePrune ├── aws-sign2@0.6.0
85 silly idealTree:prePrune ├── aws4@1.6.0
85 silly idealTree:prePrune ├── axios@0.17.1
85 silly idealTree:prePrune ├── balanced-match@1.0.0
85 silly idealTree:prePrune ├── basic-auth@2.0.0
85 silly idealTree:prePrune ├── bcrypt-pbkdf@1.0.1
85 silly idealTree:prePrune ├─┬ bcrypt@1.0.3
85 silly idealTree:prePrune │ ├── node-pre-gyp@0.6.36
85 silly idealTree:prePrune │ └── nopt@4.0.1
85 silly idealTree:prePrune ├── binary-extensions@1.11.0
85 silly idealTree:prePrune ├── block-stream@0.0.9
85 silly idealTree:prePrune ├── bluebird@3.5.0
85 silly idealTree:prePrune ├── body-parser@1.18.2
85 silly idealTree:prePrune ├── boom@2.10.1
85 silly idealTree:prePrune ├── boxen@1.3.0
85 silly idealTree:prePrune ├── brace-expansion@1.1.8
85 silly idealTree:prePrune ├── braces@1.8.5
85 silly idealTree:prePrune ├── bson@1.0.4
85 silly idealTree:prePrune ├── buffer-shims@1.0.0
85 silly idealTree:prePrune ├─┬ busboy@0.2.14
85 silly idealTree:prePrune │ ├── isarray@0.0.1
85 silly idealTree:prePrune │ ├── readable-stream@1.1.14
85 silly idealTree:prePrune │ └── string_decoder@0.10.31
85 silly idealTree:prePrune ├── bytes@3.0.0
85 silly idealTree:prePrune ├── camelcase@4.1.0
85 silly idealTree:prePrune ├── capture-stack-trace@1.0.0
85 silly idealTree:prePrune ├── caseless@0.12.0
85 silly idealTree:prePrune ├── center-align@0.1.3
85 silly idealTree:prePrune ├── chalk@2.3.0
85 silly idealTree:prePrune ├── chokidar@1.7.0
85 silly idealTree:prePrune ├── cli-boxes@1.0.0
85 silly idealTree:prePrune ├─┬ cliui@2.1.0
85 silly idealTree:prePrune │ └── wordwrap@0.0.2
85 silly idealTree:prePrune ├── co@4.6.0
85 silly idealTree:prePrune ├── code-point-at@1.1.0
85 silly idealTree:prePrune ├── color-convert@1.9.1
85 silly idealTree:prePrune ├── color-name@1.1.3
85 silly idealTree:prePrune ├── combined-stream@1.0.5
85 silly idealTree:prePrune ├── concat-map@0.0.1
85 silly idealTree:prePrune ├── concat-stream@1.6.0
85 silly idealTree:prePrune ├── configstore@3.1.1
85 silly idealTree:prePrune ├── connect-flash@0.1.1
85 silly idealTree:prePrune ├── console-control-strings@1.1.0
85 silly idealTree:prePrune ├── content-disposition@0.5.2
85 silly idealTree:prePrune ├── content-type@1.0.4
85 silly idealTree:prePrune ├── cookie-parser@1.4.3
85 silly idealTree:prePrune ├── cookie-signature@1.0.6
85 silly idealTree:prePrune ├── cookie@0.3.1
85 silly idealTree:prePrune ├── core-util-is@1.0.2
85 silly idealTree:prePrune ├── crc@3.4.4
85 silly idealTree:prePrune ├── create-error-class@3.0.2
85 silly idealTree:prePrune ├── cross-spawn@5.1.0
85 silly idealTree:prePrune ├── cryptiles@2.0.5
85 silly idealTree:prePrune ├── crypto-random-string@1.0.0
85 silly idealTree:prePrune ├─┬ dashdash@1.14.1
85 silly idealTree:prePrune │ └── assert-plus@1.0.0
85 silly idealTree:prePrune ├── debug@2.6.9
85 silly idealTree:prePrune ├── decamelize@1.2.0
85 silly idealTree:prePrune ├── deep-extend@0.4.2
85 silly idealTree:prePrune ├── define-properties@1.1.2
85 silly idealTree:prePrune ├── delayed-stream@1.0.0
85 silly idealTree:prePrune ├── delegates@1.0.0
85 silly idealTree:prePrune ├── depd@1.1.1
85 silly idealTree:prePrune ├── destroy@1.0.4
85 silly idealTree:prePrune ├── detect-libc@1.0.3
85 silly idealTree:prePrune ├─┬ dicer@0.2.5
85 silly idealTree:prePrune │ ├── isarray@0.0.1
85 silly idealTree:prePrune │ ├── readable-stream@1.1.14
85 silly idealTree:prePrune │ └── string_decoder@0.10.31
85 silly idealTree:prePrune ├── dot-prop@4.2.0
85 silly idealTree:prePrune ├── duplexer@0.1.1
85 silly idealTree:prePrune ├── duplexer3@0.1.4
85 silly idealTree:prePrune ├── ecc-jsbn@0.1.1
85 silly idealTree:prePrune ├── ee-first@1.1.1
85 silly idealTree:prePrune ├── encodeurl@1.0.1
85 silly idealTree:prePrune ├── escape-html@1.0.3
85 silly idealTree:prePrune ├── escape-string-regexp@1.0.5
85 silly idealTree:prePrune ├── etag@1.8.1
85 silly idealTree:prePrune ├── event-stream@3.3.4
85 silly idealTree:prePrune ├── execa@0.7.0
85 silly idealTree:prePrune ├── expand-brackets@0.1.5
85 silly idealTree:prePrune ├── expand-range@1.8.2
85 silly idealTree:prePrune ├─┬ express-handlebars@3.0.0
85 silly idealTree:prePrune │ └── glob@6.0.4
85 silly idealTree:prePrune ├─┬ express-session@1.15.6
85 silly idealTree:prePrune │ └── utils-merge@1.0.1
85 silly idealTree:prePrune ├── express-sessions
85 silly idealTree:prePrune ├── express-validator@4.3.0
85 silly idealTree:prePrune ├─┬ express@4.15.5
85 silly idealTree:prePrune │ ├── qs@6.5.0
85 silly idealTree:prePrune │ └── statuses@1.3.1
85 silly idealTree:prePrune ├── extend@3.0.1
85 silly idealTree:prePrune ├── extglob@0.3.2
85 silly idealTree:prePrune ├── extsprintf@1.3.0
85 silly idealTree:prePrune ├── filename-regex@2.0.1
85 silly idealTree:prePrune ├── fill-range@2.2.3
85 silly idealTree:prePrune ├─┬ finalhandler@1.0.6
85 silly idealTree:prePrune │ └── statuses@1.3.1
85 silly idealTree:prePrune ├─┬ follow-redirects@1.2.6
85 silly idealTree:prePrune │ └── debug@3.1.0
85 silly idealTree:prePrune ├── for-in@1.0.2
85 silly idealTree:prePrune ├── for-own@0.1.5
85 silly idealTree:prePrune ├── foreach@2.0.5
85 silly idealTree:prePrune ├── forever-agent@0.6.1
85 silly idealTree:prePrune ├── form-data@2.1.4
85 silly idealTree:prePrune ├── forwarded@0.1.2
85 silly idealTree:prePrune ├── fresh@0.5.2
85 silly idealTree:prePrune ├── from@0.1.7
85 silly idealTree:prePrune ├── fs.realpath@1.0.0
85 silly idealTree:prePrune ├── fstream-ignore@1.0.5
85 silly idealTree:prePrune ├── fstream@1.0.11
85 silly idealTree:prePrune ├── function-bind@1.1.1
85 silly idealTree:prePrune ├─┬ gauge@2.7.4
85 silly idealTree:prePrune │ ├── ansi-regex@2.1.1
85 silly idealTree:prePrune │ ├── is-fullwidth-code-point@1.0.0
85 silly idealTree:prePrune │ ├── string-width@1.0.2
85 silly idealTree:prePrune │ └── strip-ansi@3.0.1
85 silly idealTree:prePrune ├── get-stream@3.0.0
85 silly idealTree:prePrune ├─┬ getpass@0.1.7
85 silly idealTree:prePrune │ └── assert-plus@1.0.0
85 silly idealTree:prePrune ├── glob-base@0.3.0
85 silly idealTree:prePrune ├── glob-parent@2.0.0
85 silly idealTree:prePrune ├── glob@7.1.2
85 silly idealTree:prePrune ├── global-dirs@0.1.1
85 silly idealTree:prePrune ├── got@6.7.1
85 silly idealTree:prePrune ├── graceful-fs@4.1.11
85 silly idealTree:prePrune ├── handlebars-layouts@3.1.4
85 silly idealTree:prePrune ├─┬ handlebars@4.0.11
85 silly idealTree:prePrune │ └── async@1.5.2
85 silly idealTree:prePrune ├── har-schema@1.0.5
85 silly idealTree:prePrune ├── har-validator@4.2.1
85 silly idealTree:prePrune ├── has-flag@2.0.0
85 silly idealTree:prePrune ├── has-unicode@2.0.1
85 silly idealTree:prePrune ├── hawk@3.1.3
85 silly idealTree:prePrune ├── hoek@2.16.3
85 silly idealTree:prePrune ├── hooks-fixed@2.0.2
85 silly idealTree:prePrune ├── http-errors@1.6.2
85 silly idealTree:prePrune ├── http-signature@1.1.1
85 silly idealTree:prePrune ├── iconv-lite@0.4.19
85 silly idealTree:prePrune ├── ignore-by-default@1.0.1
85 silly idealTree:prePrune ├── import-lazy@2.1.0
85 silly idealTree:prePrune ├── imurmurhash@0.1.4
85 silly idealTree:prePrune ├── inflight@1.0.6
85 silly idealTree:prePrune ├── inherits@2.0.3
85 silly idealTree:prePrune ├── ini@1.3.5
85 silly idealTree:prePrune ├── ipaddr.js@1.4.0
85 silly idealTree:prePrune ├── is-binary-path@1.0.1
85 silly idealTree:prePrune ├── is-buffer@1.1.6
85 silly idealTree:prePrune ├── is-dotfile@1.0.3
85 silly idealTree:prePrune ├── is-equal-shallow@0.1.3
85 silly idealTree:prePrune ├── is-extendable@0.1.1
85 silly idealTree:prePrune ├── is-extglob@1.0.0
85 silly idealTree:prePrune ├── is-fullwidth-code-point@2.0.0
85 silly idealTree:prePrune ├── is-glob@2.0.1
85 silly idealTree:prePrune ├── is-installed-globally@0.1.0
85 silly idealTree:prePrune ├── is-npm@1.0.0
85 silly idealTree:prePrune ├── is-number@2.1.0
85 silly idealTree:prePrune ├── is-obj@1.0.1
85 silly idealTree:prePrune ├── is-path-inside@1.0.1
85 silly idealTree:prePrune ├── is-posix-bracket@0.1.1
85 silly idealTree:prePrune ├── is-primitive@2.0.0
85 silly idealTree:prePrune ├── is-redirect@1.0.0
85 silly idealTree:prePrune ├── is-retry-allowed@1.1.0
85 silly idealTree:prePrune ├── is-stream@1.1.0
85 silly idealTree:prePrune ├── is-typedarray@1.0.0
85 silly idealTree:prePrune ├── isarray@1.0.0
85 silly idealTree:prePrune ├── isexe@2.0.0
85 silly idealTree:prePrune ├── isobject@2.1.0
85 silly idealTree:prePrune ├── isstream@0.1.2
85 silly idealTree:prePrune ├── jsbn@0.1.1
85 silly idealTree:prePrune ├── json-schema@0.2.3
85 silly idealTree:prePrune ├── json-stable-stringify@1.0.1
85 silly idealTree:prePrune ├── json-stringify-safe@5.0.1
85 silly idealTree:prePrune ├── jsonify@0.0.0
85 silly idealTree:prePrune ├─┬ jsprim@1.4.1
85 silly idealTree:prePrune │ └── assert-plus@1.0.0
85 silly idealTree:prePrune ├── kareem@1.5.0
85 silly idealTree:prePrune ├── kind-of@3.2.2
85 silly idealTree:prePrune ├── latest-version@3.1.0
85 silly idealTree:prePrune ├── lazy-cache@1.0.4
85 silly idealTree:prePrune ├── lodash.get@4.4.2
85 silly idealTree:prePrune ├── lodash@4.17.4
85 silly idealTree:prePrune ├── longest@1.0.1
85 silly idealTree:prePrune ├── lowercase-keys@1.0.0
85 silly idealTree:prePrune ├── lru-cache@4.1.1
85 silly idealTree:prePrune ├── make-dir@1.1.0
85 silly idealTree:prePrune ├── map-stream@0.1.0
85 silly idealTree:prePrune ├── media-typer@0.3.0
85 silly idealTree:prePrune ├── merge-descriptors@1.0.1
85 silly idealTree:prePrune ├── methods@1.1.2
85 silly idealTree:prePrune ├── micromatch@2.3.11
85 silly idealTree:prePrune ├── mime-db@1.30.0
85 silly idealTree:prePrune ├── mime-types@2.1.17
85 silly idealTree:prePrune ├── mime@1.3.4
85 silly idealTree:prePrune ├── minimatch@3.0.4
85 silly idealTree:prePrune ├── minimist@1.2.0
85 silly idealTree:prePrune ├─┬ mkdirp@0.5.1
85 silly idealTree:prePrune │ └── minimist@0.0.8
85 silly idealTree:prePrune ├── mongodb-core@2.1.17
85 silly idealTree:prePrune ├─┬ mongodb@2.2.33
85 silly idealTree:prePrune │ ├── es6-promise@3.2.1
85 silly idealTree:prePrune │ └── readable-stream@2.2.7
85 silly idealTree:prePrune ├── mongoose@4.13.7
85 silly idealTree:prePrune ├── morgan@1.9.0
85 silly idealTree:prePrune ├── mpath@0.3.0
85 silly idealTree:prePrune ├── mpromise@0.5.5
85 silly idealTree:prePrune ├─┬ mquery@2.3.3
85 silly idealTree:prePrune │ └── sliced@0.0.5
85 silly idealTree:prePrune ├── ms@2.0.0
85 silly idealTree:prePrune ├─┬ multer@1.3.0
85 silly idealTree:prePrune │ └── object-assign@3.0.0
85 silly idealTree:prePrune ├── muri@1.3.0
85 silly idealTree:prePrune ├── nan@2.6.2
85 silly idealTree:prePrune ├── negotiator@0.6.1
85 silly idealTree:prePrune ├─┬ node-pre-gyp@0.6.39
85 silly idealTree:prePrune │ └── nopt@4.0.1
85 silly idealTree:prePrune ├── nodemon@1.14.3
85 silly idealTree:prePrune ├── nopt@1.0.10
85 silly idealTree:prePrune ├── normalize-path@2.1.1
85 silly idealTree:prePrune ├── npm-run-path@2.0.2
85 silly idealTree:prePrune ├── npmlog@4.1.2
85 silly idealTree:prePrune ├── number-is-nan@1.0.1
85 silly idealTree:prePrune ├── oauth-sign@0.8.2
85 silly idealTree:prePrune ├── object-assign@4.1.1
85 silly idealTree:prePrune ├── object-keys@1.0.11
85 silly idealTree:prePrune ├── object.assign@4.0.4
85 silly idealTree:prePrune ├── object.omit@2.0.1
85 silly idealTree:prePrune ├── on-finished@2.3.0
85 silly idealTree:prePrune ├── on-headers@1.0.1
85 silly idealTree:prePrune ├── once@1.4.0
85 silly idealTree:prePrune ├─┬ optimist@0.6.1
85 silly idealTree:prePrune │ └── minimist@0.0.10
85 silly idealTree:prePrune ├── os-homedir@1.0.2
85 silly idealTree:prePrune ├── os-tmpdir@1.0.2
85 silly idealTree:prePrune ├── osenv@0.1.4
85 silly idealTree:prePrune ├── p-finally@1.0.0
85 silly idealTree:prePrune ├── package-json@4.0.1
85 silly idealTree:prePrune ├── parse-glob@3.0.4
85 silly idealTree:prePrune ├── parseurl@1.3.2
85 silly idealTree:prePrune ├── passport-local@0.1.6
85 silly idealTree:prePrune ├── passport@0.1.18
85 silly idealTree:prePrune ├── path-is-absolute@1.0.1
85 silly idealTree:prePrune ├── path-is-inside@1.0.2
85 silly idealTree:prePrune ├── path-key@2.0.1
85 silly idealTree:prePrune ├── path-to-regexp@0.1.7
85 silly idealTree:prePrune ├── pause-stream@0.0.11
85 silly idealTree:prePrune ├── pause@0.0.1
85 silly idealTree:prePrune ├── performance-now@0.2.0
85 silly idealTree:prePrune ├── pify@3.0.0
85 silly idealTree:prePrune ├── pkginfo@0.2.3
85 silly idealTree:prePrune ├── prepend-http@1.0.4
85 silly idealTree:prePrune ├── preserve@0.2.0
85 silly idealTree:prePrune ├── process-nextick-args@1.0.7
85 silly idealTree:prePrune ├── promise@7.3.1
85 silly idealTree:prePrune ├── proxy-addr@1.1.5
85 silly idealTree:prePrune ├── ps-tree@1.1.0
85 silly idealTree:prePrune ├── pseudomap@1.0.2
85 silly idealTree:prePrune ├── pstree.remy@1.1.0
85 silly idealTree:prePrune ├── punycode@1.4.1
85 silly idealTree:prePrune ├── qs@6.5.1
85 silly idealTree:prePrune ├── random-bytes@1.0.0
85 silly idealTree:prePrune ├─┬ randomatic@1.1.7
85 silly idealTree:prePrune │ ├─┬ is-number@3.0.0
85 silly idealTree:prePrune │ │ └── kind-of@3.2.2
85 silly idealTree:prePrune │ └── kind-of@4.0.0
85 silly idealTree:prePrune ├── range-parser@1.2.0
85 silly idealTree:prePrune ├── raw-body@2.3.2
85 silly idealTree:prePrune ├── rc@1.2.2
85 silly idealTree:prePrune ├── readable-stream@2.3.3
85 silly idealTree:prePrune ├── readdirp@2.1.0
85 silly idealTree:prePrune ├── regex-cache@0.4.4
85 silly idealTree:prePrune ├── regexp-clone@0.0.1
85 silly idealTree:prePrune ├── registry-auth-token@3.3.1
85 silly idealTree:prePrune ├── registry-url@3.1.0
85 silly idealTree:prePrune ├── remove-trailing-separator@1.1.0
85 silly idealTree:prePrune ├── repeat-element@1.1.2
85 silly idealTree:prePrune ├── repeat-string@1.6.1
85 silly idealTree:prePrune ├─┬ request@2.81.0
85 silly idealTree:prePrune │ └── qs@6.4.0
85 silly idealTree:prePrune ├── require_optional@1.0.1
85 silly idealTree:prePrune ├── resolve-from@2.0.0
85 silly idealTree:prePrune ├── right-align@0.1.3
85 silly idealTree:prePrune ├── rimraf@2.6.2
85 silly idealTree:prePrune ├── safe-buffer@5.1.1
85 silly idealTree:prePrune ├── semver-diff@2.1.0
85 silly idealTree:prePrune ├── semver@5.4.1
85 silly idealTree:prePrune ├─┬ send@0.15.6
85 silly idealTree:prePrune │ └── statuses@1.3.1
85 silly idealTree:prePrune ├── serve-favicon@2.4.5
85 silly idealTree:prePrune ├── serve-static@1.12.6
85 silly idealTree:prePrune ├── set-blocking@2.0.0
85 silly idealTree:prePrune ├── set-immediate-shim@1.0.1
85 silly idealTree:prePrune ├── setprototypeof@1.0.3
85 silly idealTree:prePrune ├── shebang-command@1.2.0
85 silly idealTree:prePrune ├── shebang-regex@1.0.0
85 silly idealTree:prePrune ├── signal-exit@3.0.2
85 silly idealTree:prePrune ├── sliced@1.0.1
85 silly idealTree:prePrune ├── sntp@1.0.9
85 silly idealTree:prePrune ├── source-map@0.4.4
85 silly idealTree:prePrune ├── split@0.3.3
85 silly idealTree:prePrune ├─┬ sshpk@1.13.1
85 silly idealTree:prePrune │ └── assert-plus@1.0.0
85 silly idealTree:prePrune ├── statuses@1.4.0
85 silly idealTree:prePrune ├── stream-combiner@0.0.4
85 silly idealTree:prePrune ├── streamsearch@0.1.2
85 silly idealTree:prePrune ├── string_decoder@1.0.3
85 silly idealTree:prePrune ├── string-width@2.1.1
85 silly idealTree:prePrune ├── stringstream@0.0.5
85 silly idealTree:prePrune ├── strip-ansi@4.0.0
85 silly idealTree:prePrune ├── strip-eof@1.0.0
85 silly idealTree:prePrune ├── strip-json-comments@2.0.1
85 silly idealTree:prePrune ├── supports-color@4.5.0
85 silly idealTree:prePrune ├── tar-pack@3.4.1
85 silly idealTree:prePrune ├── tar@2.2.1
85 silly idealTree:prePrune ├── term-size@1.2.0
85 silly idealTree:prePrune ├── through@2.3.8
85 silly idealTree:prePrune ├── timed-out@4.0.1
85 silly idealTree:prePrune ├── touch@3.1.0
85 silly idealTree:prePrune ├── tough-cookie@2.3.3
85 silly idealTree:prePrune ├── tunnel-agent@0.6.0
85 silly idealTree:prePrune ├── tweetnacl@0.14.5
85 silly idealTree:prePrune ├── type-is@1.6.15
85 silly idealTree:prePrune ├── typedarray@0.0.6
85 silly idealTree:prePrune ├─┬ uglify-js@2.8.29
85 silly idealTree:prePrune │ └── source-map@0.5.7
85 silly idealTree:prePrune ├── uglify-to-browserify@1.0.2
85 silly idealTree:prePrune ├── uid-number@0.0.6
85 silly idealTree:prePrune ├── uid-safe@2.1.5
85 silly idealTree:prePrune ├── undefsafe@0.0.3
85 silly idealTree:prePrune ├── unique-string@1.0.0
85 silly idealTree:prePrune ├── unpipe@1.0.0
85 silly idealTree:prePrune ├── unzip-response@2.0.1
85 silly idealTree:prePrune ├── update-notifier@2.3.0
85 silly idealTree:prePrune ├── url-parse-lax@1.0.0
85 silly idealTree:prePrune ├── util-deprecate@1.0.2
85 silly idealTree:prePrune ├── utils-merge@1.0.0
85 silly idealTree:prePrune ├── uuid@3.1.0
85 silly idealTree:prePrune ├── validator@8.2.0
85 silly idealTree:prePrune ├── vary@1.1.2
85 silly idealTree:prePrune ├─┬ verror@1.10.0
85 silly idealTree:prePrune │ └── assert-plus@1.0.0
85 silly idealTree:prePrune ├── which@1.3.0
85 silly idealTree:prePrune ├─┬ wide-align@1.1.2
85 silly idealTree:prePrune │ ├── ansi-regex@2.1.1
85 silly idealTree:prePrune │ ├── is-fullwidth-code-point@1.0.0
85 silly idealTree:prePrune │ ├── string-width@1.0.2
85 silly idealTree:prePrune │ └── strip-ansi@3.0.1
85 silly idealTree:prePrune ├── widest-line@2.0.0
85 silly idealTree:prePrune ├── window-size@0.1.0
85 silly idealTree:prePrune ├── wordwrap@0.0.3
85 silly idealTree:prePrune ├── wrappy@1.0.2
85 silly idealTree:prePrune ├── write-file-atomic@2.3.0
85 silly idealTree:prePrune ├── xdg-basedir@3.0.0
85 silly idealTree:prePrune ├── xtend@4.0.1
85 silly idealTree:prePrune ├── yallist@2.1.2
85 silly idealTree:prePrune └─┬ yargs@3.10.0
85 silly idealTree:prePrune   └── camelcase@1.2.1
86 silly loadIdealTree Finishing
87 silly currentTree helper@0.0.0
87 silly currentTree ├── @types/body-parser@1.16.8
87 silly currentTree ├── @types/express-serve-static-core@4.0.57
87 silly currentTree ├── @types/express@4.0.39
87 silly currentTree ├── @types/mime@2.0.0
87 silly currentTree ├── @types/node@8.0.57
87 silly currentTree ├── @types/serve-static@1.13.1
87 silly currentTree ├── abbrev@1.1.1
87 silly currentTree ├── accepts@1.3.4
87 silly currentTree ├── ajv@4.11.8
87 silly currentTree ├── align-text@0.1.4
87 silly currentTree ├── amdefine@1.0.1
87 silly currentTree ├── ansi-align@2.0.0
87 silly currentTree ├── ansi-regex@3.0.0
87 silly currentTree ├── ansi-styles@3.2.0
87 silly currentTree ├── anymatch@1.3.2
87 silly currentTree ├── append-field@0.1.0
87 silly currentTree ├── aproba@1.2.0
87 silly currentTree ├── are-we-there-yet@1.1.4
87 silly currentTree ├── arr-diff@2.0.0
87 silly currentTree ├── arr-flatten@1.1.0
87 silly currentTree ├── array-flatten@1.1.1
87 silly currentTree ├── array-unique@0.2.1
87 silly currentTree ├── asap@2.0.6
87 silly currentTree ├── asn1@0.2.3
87 silly currentTree ├── assert-plus@0.2.0
87 silly currentTree ├── async-each@1.0.1
87 silly currentTree ├── async@2.1.4
87 silly currentTree ├── asynckit@0.4.0
87 silly currentTree ├── aws-sign2@0.6.0
87 silly currentTree ├── aws4@1.6.0
87 silly currentTree ├── axios@0.17.1
87 silly currentTree ├── balanced-match@1.0.0
87 silly currentTree ├── basic-auth@2.0.0
87 silly currentTree ├── bcrypt-pbkdf@1.0.1
87 silly currentTree ├─┬ bcrypt@1.0.3
87 silly currentTree │ ├── node-pre-gyp@0.6.36
87 silly currentTree │ └── nopt@4.0.1
87 silly currentTree ├── binary-extensions@1.11.0
87 silly currentTree ├── block-stream@0.0.9
87 silly currentTree ├── bluebird@3.5.0
87 silly currentTree ├── body-parser@1.18.2
87 silly currentTree ├── boom@2.10.1
87 silly currentTree ├── boxen@1.3.0
87 silly currentTree ├── brace-expansion@1.1.8
87 silly currentTree ├── braces@1.8.5
87 silly currentTree ├── bson@1.0.4
87 silly currentTree ├── buffer-shims@1.0.0
87 silly currentTree ├─┬ busboy@0.2.14
87 silly currentTree │ ├── isarray@0.0.1
87 silly currentTree │ ├── readable-stream@1.1.14
87 silly currentTree │ └── string_decoder@0.10.31
87 silly currentTree ├── bytes@3.0.0
87 silly currentTree ├── camelcase@4.1.0
87 silly currentTree ├── capture-stack-trace@1.0.0
87 silly currentTree ├── caseless@0.12.0
87 silly currentTree ├── center-align@0.1.3
87 silly currentTree ├── chalk@2.3.0
87 silly currentTree ├── chokidar@1.7.0
87 silly currentTree ├── cli-boxes@1.0.0
87 silly currentTree ├─┬ cliui@2.1.0
87 silly currentTree │ └── wordwrap@0.0.2
87 silly currentTree ├── co@4.6.0
87 silly currentTree ├── code-point-at@1.1.0
87 silly currentTree ├── color-convert@1.9.1
87 silly currentTree ├── color-name@1.1.3
87 silly currentTree ├── combined-stream@1.0.5
87 silly currentTree ├── concat-map@0.0.1
87 silly currentTree ├── concat-stream@1.6.0
87 silly currentTree ├── configstore@3.1.1
87 silly currentTree ├── connect-flash@0.1.1
87 silly currentTree ├── console-control-strings@1.1.0
87 silly currentTree ├── content-disposition@0.5.2
87 silly currentTree ├── content-type@1.0.4
87 silly currentTree ├── cookie-parser@1.4.3
87 silly currentTree ├── cookie-signature@1.0.6
87 silly currentTree ├── cookie@0.3.1
87 silly currentTree ├── core-util-is@1.0.2
87 silly currentTree ├── crc@3.4.4
87 silly currentTree ├── create-error-class@3.0.2
87 silly currentTree ├── cross-spawn@5.1.0
87 silly currentTree ├── cryptiles@2.0.5
87 silly currentTree ├── crypto-random-string@1.0.0
87 silly currentTree ├─┬ dashdash@1.14.1
87 silly currentTree │ └── assert-plus@1.0.0
87 silly currentTree ├── debug@2.6.9
87 silly currentTree ├── decamelize@1.2.0
87 silly currentTree ├── deep-extend@0.4.2
87 silly currentTree ├── define-properties@1.1.2
87 silly currentTree ├── delayed-stream@1.0.0
87 silly currentTree ├── delegates@1.0.0
87 silly currentTree ├── depd@1.1.1
87 silly currentTree ├── destroy@1.0.4
87 silly currentTree ├── detect-libc@1.0.3
87 silly currentTree ├─┬ dicer@0.2.5
87 silly currentTree │ ├── isarray@0.0.1
87 silly currentTree │ ├── readable-stream@1.1.14
87 silly currentTree │ └── string_decoder@0.10.31
87 silly currentTree ├── dot-prop@4.2.0
87 silly currentTree ├── duplexer@0.1.1
87 silly currentTree ├── duplexer3@0.1.4
87 silly currentTree ├── ecc-jsbn@0.1.1
87 silly currentTree ├── ee-first@1.1.1
87 silly currentTree ├── encodeurl@1.0.1
87 silly currentTree ├── escape-html@1.0.3
87 silly currentTree ├── escape-string-regexp@1.0.5
87 silly currentTree ├── etag@1.8.1
87 silly currentTree ├── event-stream@3.3.4
87 silly currentTree ├── execa@0.7.0
87 silly currentTree ├── expand-brackets@0.1.5
87 silly currentTree ├── expand-range@1.8.2
87 silly currentTree ├─┬ express-handlebars@3.0.0
87 silly currentTree │ └── glob@6.0.4
87 silly currentTree ├─┬ express-session@1.15.6
87 silly currentTree │ └── utils-merge@1.0.1
87 silly currentTree ├── express-sessions
87 silly currentTree ├── express-validator@4.3.0
87 silly currentTree ├─┬ express@4.15.5
87 silly currentTree │ ├── qs@6.5.0
87 silly currentTree │ └── statuses@1.3.1
87 silly currentTree ├── extend@3.0.1
87 silly currentTree ├── extglob@0.3.2
87 silly currentTree ├── extsprintf@1.3.0
87 silly currentTree ├── filename-regex@2.0.1
87 silly currentTree ├── fill-range@2.2.3
87 silly currentTree ├─┬ finalhandler@1.0.6
87 silly currentTree │ └── statuses@1.3.1
87 silly currentTree ├─┬ follow-redirects@1.2.6
87 silly currentTree │ └── debug@3.1.0
87 silly currentTree ├── for-in@1.0.2
87 silly currentTree ├── for-own@0.1.5
87 silly currentTree ├── foreach@2.0.5
87 silly currentTree ├── forever-agent@0.6.1
87 silly currentTree ├── form-data@2.1.4
87 silly currentTree ├── forwarded@0.1.2
87 silly currentTree ├── fresh@0.5.2
87 silly currentTree ├── from@0.1.7
87 silly currentTree ├── fs.realpath@1.0.0
87 silly currentTree ├── fstream-ignore@1.0.5
87 silly currentTree ├── fstream@1.0.11
87 silly currentTree ├── function-bind@1.1.1
87 silly currentTree ├─┬ gauge@2.7.4
87 silly currentTree │ ├── ansi-regex@2.1.1
87 silly currentTree │ ├── is-fullwidth-code-point@1.0.0
87 silly currentTree │ ├── string-width@1.0.2
87 silly currentTree │ └── strip-ansi@3.0.1
87 silly currentTree ├── get-stream@3.0.0
87 silly currentTree ├─┬ getpass@0.1.7
87 silly currentTree │ └── assert-plus@1.0.0
87 silly currentTree ├── glob-base@0.3.0
87 silly currentTree ├── glob-parent@2.0.0
87 silly currentTree ├── glob@7.1.2
87 silly currentTree ├── global-dirs@0.1.1
87 silly currentTree ├── got@6.7.1
87 silly currentTree ├── graceful-fs@4.1.11
87 silly currentTree ├── handlebars-layouts@3.1.4
87 silly currentTree ├─┬ handlebars@4.0.11
87 silly currentTree │ └── async@1.5.2
87 silly currentTree ├── har-schema@1.0.5
87 silly currentTree ├── har-validator@4.2.1
87 silly currentTree ├── has-flag@2.0.0
87 silly currentTree ├── has-unicode@2.0.1
87 silly currentTree ├── hawk@3.1.3
87 silly currentTree ├── hoek@2.16.3
87 silly currentTree ├── hooks-fixed@2.0.2
87 silly currentTree ├── http-errors@1.6.2
87 silly currentTree ├── http-signature@1.1.1
87 silly currentTree ├── iconv-lite@0.4.19
87 silly currentTree ├── ignore-by-default@1.0.1
87 silly currentTree ├── import-lazy@2.1.0
87 silly currentTree ├── imurmurhash@0.1.4
87 silly currentTree ├── inflight@1.0.6
87 silly currentTree ├── inherits@2.0.3
87 silly currentTree ├── ini@1.3.5
87 silly currentTree ├── ipaddr.js@1.4.0
87 silly currentTree ├── is-binary-path@1.0.1
87 silly currentTree ├── is-buffer@1.1.6
87 silly currentTree ├── is-dotfile@1.0.3
87 silly currentTree ├── is-equal-shallow@0.1.3
87 silly currentTree ├── is-extendable@0.1.1
87 silly currentTree ├── is-extglob@1.0.0
87 silly currentTree ├── is-fullwidth-code-point@2.0.0
87 silly currentTree ├── is-glob@2.0.1
87 silly currentTree ├── is-installed-globally@0.1.0
87 silly currentTree ├── is-npm@1.0.0
87 silly currentTree ├── is-number@2.1.0
87 silly currentTree ├── is-obj@1.0.1
87 silly currentTree ├── is-path-inside@1.0.1
87 silly currentTree ├── is-posix-bracket@0.1.1
87 silly currentTree ├── is-primitive@2.0.0
87 silly currentTree ├── is-redirect@1.0.0
87 silly currentTree ├── is-retry-allowed@1.1.0
87 silly currentTree ├── is-stream@1.1.0
87 silly currentTree ├── is-typedarray@1.0.0
87 silly currentTree ├── isarray@1.0.0
87 silly currentTree ├── isexe@2.0.0
87 silly currentTree ├── isobject@2.1.0
87 silly currentTree ├── isstream@0.1.2
87 silly currentTree ├── jsbn@0.1.1
87 silly currentTree ├── json-schema@0.2.3
87 silly currentTree ├── json-stable-stringify@1.0.1
87 silly currentTree ├── json-stringify-safe@5.0.1
87 silly currentTree ├── jsonify@0.0.0
87 silly currentTree ├─┬ jsprim@1.4.1
87 silly currentTree │ └── assert-plus@1.0.0
87 silly currentTree ├── kareem@1.5.0
87 silly currentTree ├── kind-of@3.2.2
87 silly currentTree ├── latest-version@3.1.0
87 silly currentTree ├── lazy-cache@1.0.4
87 silly currentTree ├── lodash.get@4.4.2
87 silly currentTree ├── lodash@4.17.4
87 silly currentTree ├── longest@1.0.1
87 silly currentTree ├── lowercase-keys@1.0.0
87 silly currentTree ├── lru-cache@4.1.1
87 silly currentTree ├── make-dir@1.1.0
87 silly currentTree ├── map-stream@0.1.0
87 silly currentTree ├── media-typer@0.3.0
87 silly currentTree ├── merge-descriptors@1.0.1
87 silly currentTree ├── methods@1.1.2
87 silly currentTree ├── micromatch@2.3.11
87 silly currentTree ├── mime-db@1.30.0
87 silly currentTree ├── mime-types@2.1.17
87 silly currentTree ├── mime@1.3.4
87 silly currentTree ├── minimatch@3.0.4
87 silly currentTree ├── minimist@1.2.0
87 silly currentTree ├─┬ mkdirp@0.5.1
87 silly currentTree │ └── minimist@0.0.8
87 silly currentTree ├── mongodb-core@2.1.17
87 silly currentTree ├─┬ mongodb@2.2.33
87 silly currentTree │ ├── es6-promise@3.2.1
87 silly currentTree │ └── readable-stream@2.2.7
87 silly currentTree ├── mongoose@4.13.7
87 silly currentTree ├── morgan@1.9.0
87 silly currentTree ├── mpath@0.3.0
87 silly currentTree ├── mpromise@0.5.5
87 silly currentTree ├─┬ mquery@2.3.3
87 silly currentTree │ └── sliced@0.0.5
87 silly currentTree ├── ms@2.0.0
87 silly currentTree ├─┬ multer@1.3.0
87 silly currentTree │ └── object-assign@3.0.0
87 silly currentTree ├── muri@1.3.0
87 silly currentTree ├── nan@2.6.2
87 silly currentTree ├── negotiator@0.6.1
87 silly currentTree ├─┬ node-pre-gyp@0.6.39
87 silly currentTree │ └── nopt@4.0.1
87 silly currentTree ├── nodemon@1.14.3
87 silly currentTree ├── nopt@1.0.10
87 silly currentTree ├── normalize-path@2.1.1
87 silly currentTree ├── npm-run-path@2.0.2
87 silly currentTree ├── npmlog@4.1.2
87 silly currentTree ├── number-is-nan@1.0.1
87 silly currentTree ├── oauth-sign@0.8.2
87 silly currentTree ├── object-assign@4.1.1
87 silly currentTree ├── object-keys@1.0.11
87 silly currentTree ├── object.assign@4.0.4
87 silly currentTree ├── object.omit@2.0.1
87 silly currentTree ├── on-finished@2.3.0
87 silly currentTree ├── on-headers@1.0.1
87 silly currentTree ├── once@1.4.0
87 silly currentTree ├─┬ optimist@0.6.1
87 silly currentTree │ └── minimist@0.0.10
87 silly currentTree ├── os-homedir@1.0.2
87 silly currentTree ├── os-tmpdir@1.0.2
87 silly currentTree ├── osenv@0.1.4
87 silly currentTree ├── p-finally@1.0.0
87 silly currentTree ├── package-json@4.0.1
87 silly currentTree ├── parse-glob@3.0.4
87 silly currentTree ├── parseurl@1.3.2
87 silly currentTree ├── passport-local@0.1.6
87 silly currentTree ├── passport@0.1.18
87 silly currentTree ├── path-is-absolute@1.0.1
87 silly currentTree ├── path-is-inside@1.0.2
87 silly currentTree ├── path-key@2.0.1
87 silly currentTree ├── path-to-regexp@0.1.7
87 silly currentTree ├── pause-stream@0.0.11
87 silly currentTree ├── pause@0.0.1
87 silly currentTree ├── performance-now@0.2.0
87 silly currentTree ├── pify@3.0.0
87 silly currentTree ├── pkginfo@0.2.3
87 silly currentTree ├── prepend-http@1.0.4
87 silly currentTree ├── preserve@0.2.0
87 silly currentTree ├── process-nextick-args@1.0.7
87 silly currentTree ├── promise@7.3.1
87 silly currentTree ├── proxy-addr@1.1.5
87 silly currentTree ├── ps-tree@1.1.0
87 silly currentTree ├── pseudomap@1.0.2
87 silly currentTree ├── pstree.remy@1.1.0
87 silly currentTree ├── punycode@1.4.1
87 silly currentTree ├── qs@6.5.1
87 silly currentTree ├── random-bytes@1.0.0
87 silly currentTree ├─┬ randomatic@1.1.7
87 silly currentTree │ ├─┬ is-number@3.0.0
87 silly currentTree │ │ └── kind-of@3.2.2
87 silly currentTree │ └── kind-of@4.0.0
87 silly currentTree ├── range-parser@1.2.0
87 silly currentTree ├── raw-body@2.3.2
87 silly currentTree ├── rc@1.2.2
87 silly currentTree ├── readable-stream@2.3.3
87 silly currentTree ├── readdirp@2.1.0
87 silly currentTree ├── regex-cache@0.4.4
87 silly currentTree ├── regexp-clone@0.0.1
87 silly currentTree ├── registry-auth-token@3.3.1
87 silly currentTree ├── registry-url@3.1.0
87 silly currentTree ├── remove-trailing-separator@1.1.0
87 silly currentTree ├── repeat-element@1.1.2
87 silly currentTree ├── repeat-string@1.6.1
87 silly currentTree ├─┬ request@2.81.0
87 silly currentTree │ └── qs@6.4.0
87 silly currentTree ├── require_optional@1.0.1
87 silly currentTree ├── resolve-from@2.0.0
87 silly currentTree ├── right-align@0.1.3
87 silly currentTree ├── rimraf@2.6.2
87 silly currentTree ├── safe-buffer@5.1.1
87 silly currentTree ├── semver-diff@2.1.0
87 silly currentTree ├── semver@5.4.1
87 silly currentTree ├─┬ send@0.15.6
87 silly currentTree │ └── statuses@1.3.1
87 silly currentTree ├── serve-favicon@2.4.5
87 silly currentTree ├── serve-static@1.12.6
87 silly currentTree ├── set-blocking@2.0.0
87 silly currentTree ├── set-immediate-shim@1.0.1
87 silly currentTree ├── setprototypeof@1.0.3
87 silly currentTree ├── shebang-command@1.2.0
87 silly currentTree ├── shebang-regex@1.0.0
87 silly currentTree ├── signal-exit@3.0.2
87 silly currentTree ├── sliced@1.0.1
87 silly currentTree ├── sntp@1.0.9
87 silly currentTree ├── source-map@0.4.4
87 silly currentTree ├── split@0.3.3
87 silly currentTree ├─┬ sshpk@1.13.1
87 silly currentTree │ └── assert-plus@1.0.0
87 silly currentTree ├── statuses@1.4.0
87 silly currentTree ├── stream-combiner@0.0.4
87 silly currentTree ├── streamsearch@0.1.2
87 silly currentTree ├── string_decoder@1.0.3
87 silly currentTree ├── string-width@2.1.1
87 silly currentTree ├── stringstream@0.0.5
87 silly currentTree ├── strip-ansi@4.0.0
87 silly currentTree ├── strip-eof@1.0.0
87 silly currentTree ├── strip-json-comments@2.0.1
87 silly currentTree ├── supports-color@4.5.0
87 silly currentTree ├── tar-pack@3.4.1
87 silly currentTree ├── tar@2.2.1
87 silly currentTree ├── term-size@1.2.0
87 silly currentTree ├── through@2.3.8
87 silly currentTree ├── timed-out@4.0.1
87 silly currentTree ├── touch@3.1.0
87 silly currentTree ├── tough-cookie@2.3.3
87 silly currentTree ├── tunnel-agent@0.6.0
87 silly currentTree ├── tweetnacl@0.14.5
87 silly currentTree ├── type-is@1.6.15
87 silly currentTree ├── typedarray@0.0.6
87 silly currentTree ├─┬ uglify-js@2.8.29
87 silly currentTree │ └── source-map@0.5.7
87 silly currentTree ├── uglify-to-browserify@1.0.2
87 silly currentTree ├── uid-number@0.0.6
87 silly currentTree ├── uid-safe@2.1.5
87 silly currentTree ├── undefsafe@0.0.3
87 silly currentTree ├── unique-string@1.0.0
87 silly currentTree ├── unpipe@1.0.0
87 silly currentTree ├── unzip-response@2.0.1
87 silly currentTree ├── update-notifier@2.3.0
87 silly currentTree ├── url-parse-lax@1.0.0
87 silly currentTree ├── util-deprecate@1.0.2
87 silly currentTree ├── utils-merge@1.0.0
87 silly currentTree ├── uuid@3.1.0
87 silly currentTree ├── validator@8.2.0
87 silly currentTree ├── vary@1.1.2
87 silly currentTree ├─┬ verror@1.10.0
87 silly currentTree │ └── assert-plus@1.0.0
87 silly currentTree ├── which@1.3.0
87 silly currentTree ├─┬ wide-align@1.1.2
87 silly currentTree │ ├── ansi-regex@2.1.1
87 silly currentTree │ ├── is-fullwidth-code-point@1.0.0
87 silly currentTree │ ├── string-width@1.0.2
87 silly currentTree │ └── strip-ansi@3.0.1
87 silly currentTree ├── widest-line@2.0.0
87 silly currentTree ├── window-size@0.1.0
87 silly currentTree ├── wordwrap@0.0.3
87 silly currentTree ├── wrappy@1.0.2
87 silly currentTree ├── write-file-atomic@2.3.0
87 silly currentTree ├── xdg-basedir@3.0.0
87 silly currentTree ├── xtend@4.0.1
87 silly currentTree ├── yallist@2.1.2
87 silly currentTree └─┬ yargs@3.10.0
87 silly currentTree   └── camelcase@1.2.1
88 silly idealTree helper@0.0.0
88 silly idealTree ├── @types/body-parser@1.16.8
88 silly idealTree ├── @types/express-serve-static-core@4.0.57
88 silly idealTree ├── @types/express@4.0.39
88 silly idealTree ├── @types/mime@2.0.0
88 silly idealTree ├── @types/node@8.0.57
88 silly idealTree ├── @types/serve-static@1.13.1
88 silly idealTree ├── abbrev@1.1.1
88 silly idealTree ├── accepts@1.3.4
88 silly idealTree ├── ajv@4.11.8
88 silly idealTree ├── align-text@0.1.4
88 silly idealTree ├── amdefine@1.0.1
88 silly idealTree ├── ansi-align@2.0.0
88 silly idealTree ├── ansi-regex@3.0.0
88 silly idealTree ├── ansi-styles@3.2.0
88 silly idealTree ├── anymatch@1.3.2
88 silly idealTree ├── append-field@0.1.0
88 silly idealTree ├── aproba@1.2.0
88 silly idealTree ├── are-we-there-yet@1.1.4
88 silly idealTree ├── arr-diff@2.0.0
88 silly idealTree ├── arr-flatten@1.1.0
88 silly idealTree ├── array-flatten@1.1.1
88 silly idealTree ├── array-unique@0.2.1
88 silly idealTree ├── asap@2.0.6
88 silly idealTree ├── asn1@0.2.3
88 silly idealTree ├── assert-plus@0.2.0
88 silly idealTree ├── async-each@1.0.1
88 silly idealTree ├── async@2.1.4
88 silly idealTree ├── asynckit@0.4.0
88 silly idealTree ├── aws-sign2@0.6.0
88 silly idealTree ├── aws4@1.6.0
88 silly idealTree ├── axios@0.17.1
88 silly idealTree ├── balanced-match@1.0.0
88 silly idealTree ├── basic-auth@2.0.0
88 silly idealTree ├── bcrypt-pbkdf@1.0.1
88 silly idealTree ├─┬ bcrypt@1.0.3
88 silly idealTree │ ├── node-pre-gyp@0.6.36
88 silly idealTree │ └── nopt@4.0.1
88 silly idealTree ├── binary-extensions@1.11.0
88 silly idealTree ├── block-stream@0.0.9
88 silly idealTree ├── bluebird@3.5.0
88 silly idealTree ├── body-parser@1.18.2
88 silly idealTree ├── boom@2.10.1
88 silly idealTree ├── boxen@1.3.0
88 silly idealTree ├── brace-expansion@1.1.8
88 silly idealTree ├── braces@1.8.5
88 silly idealTree ├── bson@1.0.4
88 silly idealTree ├── buffer-shims@1.0.0
88 silly idealTree ├─┬ busboy@0.2.14
88 silly idealTree │ ├── isarray@0.0.1
88 silly idealTree │ ├── readable-stream@1.1.14
88 silly idealTree │ └── string_decoder@0.10.31
88 silly idealTree ├── bytes@3.0.0
88 silly idealTree ├── camelcase@4.1.0
88 silly idealTree ├── capture-stack-trace@1.0.0
88 silly idealTree ├── caseless@0.12.0
88 silly idealTree ├── center-align@0.1.3
88 silly idealTree ├── chalk@2.3.0
88 silly idealTree ├── chokidar@1.7.0
88 silly idealTree ├── cli-boxes@1.0.0
88 silly idealTree ├─┬ cliui@2.1.0
88 silly idealTree │ └── wordwrap@0.0.2
88 silly idealTree ├── co@4.6.0
88 silly idealTree ├── code-point-at@1.1.0
88 silly idealTree ├── color-convert@1.9.1
88 silly idealTree ├── color-name@1.1.3
88 silly idealTree ├── combined-stream@1.0.5
88 silly idealTree ├── concat-map@0.0.1
88 silly idealTree ├── concat-stream@1.6.0
88 silly idealTree ├── configstore@3.1.1
88 silly idealTree ├── connect-flash@0.1.1
88 silly idealTree ├── console-control-strings@1.1.0
88 silly idealTree ├── content-disposition@0.5.2
88 silly idealTree ├── content-type@1.0.4
88 silly idealTree ├── cookie-parser@1.4.3
88 silly idealTree ├── cookie-signature@1.0.6
88 silly idealTree ├── cookie@0.3.1
88 silly idealTree ├── core-util-is@1.0.2
88 silly idealTree ├── crc@3.4.4
88 silly idealTree ├── create-error-class@3.0.2
88 silly idealTree ├── cross-spawn@5.1.0
88 silly idealTree ├── cryptiles@2.0.5
88 silly idealTree ├── crypto-random-string@1.0.0
88 silly idealTree ├─┬ dashdash@1.14.1
88 silly idealTree │ └── assert-plus@1.0.0
88 silly idealTree ├── debug@2.6.9
88 silly idealTree ├── decamelize@1.2.0
88 silly idealTree ├── deep-extend@0.4.2
88 silly idealTree ├── define-properties@1.1.2
88 silly idealTree ├── delayed-stream@1.0.0
88 silly idealTree ├── delegates@1.0.0
88 silly idealTree ├── depd@1.1.1
88 silly idealTree ├── destroy@1.0.4
88 silly idealTree ├── detect-libc@1.0.3
88 silly idealTree ├─┬ dicer@0.2.5
88 silly idealTree │ ├── isarray@0.0.1
88 silly idealTree │ ├── readable-stream@1.1.14
88 silly idealTree │ └── string_decoder@0.10.31
88 silly idealTree ├── dot-prop@4.2.0
88 silly idealTree ├── duplexer@0.1.1
88 silly idealTree ├── duplexer3@0.1.4
88 silly idealTree ├── ecc-jsbn@0.1.1
88 silly idealTree ├── ee-first@1.1.1
88 silly idealTree ├── encodeurl@1.0.1
88 silly idealTree ├── escape-html@1.0.3
88 silly idealTree ├── escape-string-regexp@1.0.5
88 silly idealTree ├── etag@1.8.1
88 silly idealTree ├── event-stream@3.3.4
88 silly idealTree ├── execa@0.7.0
88 silly idealTree ├── expand-brackets@0.1.5
88 silly idealTree ├── expand-range@1.8.2
88 silly idealTree ├─┬ express-handlebars@3.0.0
88 silly idealTree │ └── glob@6.0.4
88 silly idealTree ├─┬ express-session@1.15.6
88 silly idealTree │ └── utils-merge@1.0.1
88 silly idealTree ├── express-sessions
88 silly idealTree ├── express-validator@4.3.0
88 silly idealTree ├─┬ express@4.15.5
88 silly idealTree │ ├── qs@6.5.0
88 silly idealTree │ └── statuses@1.3.1
88 silly idealTree ├── extend@3.0.1
88 silly idealTree ├── extglob@0.3.2
88 silly idealTree ├── extsprintf@1.3.0
88 silly idealTree ├── filename-regex@2.0.1
88 silly idealTree ├── fill-range@2.2.3
88 silly idealTree ├─┬ finalhandler@1.0.6
88 silly idealTree │ └── statuses@1.3.1
88 silly idealTree ├─┬ follow-redirects@1.2.6
88 silly idealTree │ └── debug@3.1.0
88 silly idealTree ├── for-in@1.0.2
88 silly idealTree ├── for-own@0.1.5
88 silly idealTree ├── foreach@2.0.5
88 silly idealTree ├── forever-agent@0.6.1
88 silly idealTree ├── form-data@2.1.4
88 silly idealTree ├── forwarded@0.1.2
88 silly idealTree ├── fresh@0.5.2
88 silly idealTree ├── from@0.1.7
88 silly idealTree ├── fs.realpath@1.0.0
88 silly idealTree ├── fstream-ignore@1.0.5
88 silly idealTree ├── fstream@1.0.11
88 silly idealTree ├── function-bind@1.1.1
88 silly idealTree ├─┬ gauge@2.7.4
88 silly idealTree │ ├── ansi-regex@2.1.1
88 silly idealTree │ ├── is-fullwidth-code-point@1.0.0
88 silly idealTree │ ├── string-width@1.0.2
88 silly idealTree │ └── strip-ansi@3.0.1
88 silly idealTree ├── get-stream@3.0.0
88 silly idealTree ├─┬ getpass@0.1.7
88 silly idealTree │ └── assert-plus@1.0.0
88 silly idealTree ├── glob-base@0.3.0
88 silly idealTree ├── glob-parent@2.0.0
88 silly idealTree ├── glob@7.1.2
88 silly idealTree ├── global-dirs@0.1.1
88 silly idealTree ├── got@6.7.1
88 silly idealTree ├── graceful-fs@4.1.11
88 silly idealTree ├── handlebars-layouts@3.1.4
88 silly idealTree ├─┬ handlebars@4.0.11
88 silly idealTree │ └── async@1.5.2
88 silly idealTree ├── har-schema@1.0.5
88 silly idealTree ├── har-validator@4.2.1
88 silly idealTree ├── has-flag@2.0.0
88 silly idealTree ├── has-unicode@2.0.1
88 silly idealTree ├── hawk@3.1.3
88 silly idealTree ├── hoek@2.16.3
88 silly idealTree ├── hooks-fixed@2.0.2
88 silly idealTree ├── http-errors@1.6.2
88 silly idealTree ├── http-signature@1.1.1
88 silly idealTree ├── iconv-lite@0.4.19
88 silly idealTree ├── ignore-by-default@1.0.1
88 silly idealTree ├── import-lazy@2.1.0
88 silly idealTree ├── imurmurhash@0.1.4
88 silly idealTree ├── inflight@1.0.6
88 silly idealTree ├── inherits@2.0.3
88 silly idealTree ├── ini@1.3.5
88 silly idealTree ├── ipaddr.js@1.4.0
88 silly idealTree ├── is-binary-path@1.0.1
88 silly idealTree ├── is-buffer@1.1.6
88 silly idealTree ├── is-dotfile@1.0.3
88 silly idealTree ├── is-equal-shallow@0.1.3
88 silly idealTree ├── is-extendable@0.1.1
88 silly idealTree ├── is-extglob@1.0.0
88 silly idealTree ├── is-fullwidth-code-point@2.0.0
88 silly idealTree ├── is-glob@2.0.1
88 silly idealTree ├── is-installed-globally@0.1.0
88 silly idealTree ├── is-npm@1.0.0
88 silly idealTree ├── is-number@2.1.0
88 silly idealTree ├── is-obj@1.0.1
88 silly idealTree ├── is-path-inside@1.0.1
88 silly idealTree ├── is-posix-bracket@0.1.1
88 silly idealTree ├── is-primitive@2.0.0
88 silly idealTree ├── is-redirect@1.0.0
88 silly idealTree ├── is-retry-allowed@1.1.0
88 silly idealTree ├── is-stream@1.1.0
88 silly idealTree ├── is-typedarray@1.0.0
88 silly idealTree ├── isarray@1.0.0
88 silly idealTree ├── isexe@2.0.0
88 silly idealTree ├── isobject@2.1.0
88 silly idealTree ├── isstream@0.1.2
88 silly idealTree ├── jsbn@0.1.1
88 silly idealTree ├── json-schema@0.2.3
88 silly idealTree ├── json-stable-stringify@1.0.1
88 silly idealTree ├── json-stringify-safe@5.0.1
88 silly idealTree ├── jsonify@0.0.0
88 silly idealTree ├─┬ jsprim@1.4.1
88 silly idealTree │ └── assert-plus@1.0.0
88 silly idealTree ├── kareem@1.5.0
88 silly idealTree ├── kind-of@3.2.2
88 silly idealTree ├── latest-version@3.1.0
88 silly idealTree ├── lazy-cache@1.0.4
88 silly idealTree ├── lodash.get@4.4.2
88 silly idealTree ├── lodash@4.17.4
88 silly idealTree ├── longest@1.0.1
88 silly idealTree ├── lowercase-keys@1.0.0
88 silly idealTree ├── lru-cache@4.1.1
88 silly idealTree ├── make-dir@1.1.0
88 silly idealTree ├── map-stream@0.1.0
88 silly idealTree ├── media-typer@0.3.0
88 silly idealTree ├── merge-descriptors@1.0.1
88 silly idealTree ├── methods@1.1.2
88 silly idealTree ├── micromatch@2.3.11
88 silly idealTree ├── mime-db@1.30.0
88 silly idealTree ├── mime-types@2.1.17
88 silly idealTree ├── mime@1.3.4
88 silly idealTree ├── minimatch@3.0.4
88 silly idealTree ├── minimist@1.2.0
88 silly idealTree ├─┬ mkdirp@0.5.1
88 silly idealTree │ └── minimist@0.0.8
88 silly idealTree ├── mongodb-core@2.1.17
88 silly idealTree ├─┬ mongodb@2.2.33
88 silly idealTree │ ├── es6-promise@3.2.1
88 silly idealTree │ └── readable-stream@2.2.7
88 silly idealTree ├── mongoose@4.13.7
88 silly idealTree ├── morgan@1.9.0
88 silly idealTree ├── mpath@0.3.0
88 silly idealTree ├── mpromise@0.5.5
88 silly idealTree ├─┬ mquery@2.3.3
88 silly idealTree │ └── sliced@0.0.5
88 silly idealTree ├── ms@2.0.0
88 silly idealTree ├─┬ multer@1.3.0
88 silly idealTree │ └── object-assign@3.0.0
88 silly idealTree ├── muri@1.3.0
88 silly idealTree ├── nan@2.6.2
88 silly idealTree ├── negotiator@0.6.1
88 silly idealTree ├─┬ node-pre-gyp@0.6.39
88 silly idealTree │ └── nopt@4.0.1
88 silly idealTree ├── nodemon@1.14.3
88 silly idealTree ├── nopt@1.0.10
88 silly idealTree ├── normalize-path@2.1.1
88 silly idealTree ├── npm-run-path@2.0.2
88 silly idealTree ├── npmlog@4.1.2
88 silly idealTree ├── number-is-nan@1.0.1
88 silly idealTree ├── oauth-sign@0.8.2
88 silly idealTree ├── object-assign@4.1.1
88 silly idealTree ├── object-keys@1.0.11
88 silly idealTree ├── object.assign@4.0.4
88 silly idealTree ├── object.omit@2.0.1
88 silly idealTree ├── on-finished@2.3.0
88 silly idealTree ├── on-headers@1.0.1
88 silly idealTree ├── once@1.4.0
88 silly idealTree ├─┬ optimist@0.6.1
88 silly idealTree │ └── minimist@0.0.10
88 silly idealTree ├── os-homedir@1.0.2
88 silly idealTree ├── os-tmpdir@1.0.2
88 silly idealTree ├── osenv@0.1.4
88 silly idealTree ├── p-finally@1.0.0
88 silly idealTree ├── package-json@4.0.1
88 silly idealTree ├── parse-glob@3.0.4
88 silly idealTree ├── parseurl@1.3.2
88 silly idealTree ├── passport-local@0.1.6
88 silly idealTree ├── passport@0.1.18
88 silly idealTree ├── path-is-absolute@1.0.1
88 silly idealTree ├── path-is-inside@1.0.2
88 silly idealTree ├── path-key@2.0.1
88 silly idealTree ├── path-to-regexp@0.1.7
88 silly idealTree ├── pause-stream@0.0.11
88 silly idealTree ├── pause@0.0.1
88 silly idealTree ├── performance-now@0.2.0
88 silly idealTree ├── pify@3.0.0
88 silly idealTree ├── pkginfo@0.2.3
88 silly idealTree ├── prepend-http@1.0.4
88 silly idealTree ├── preserve@0.2.0
88 silly idealTree ├── process-nextick-args@1.0.7
88 silly idealTree ├── promise@7.3.1
88 silly idealTree ├── proxy-addr@1.1.5
88 silly idealTree ├── ps-tree@1.1.0
88 silly idealTree ├── pseudomap@1.0.2
88 silly idealTree ├── pstree.remy@1.1.0
88 silly idealTree ├── punycode@1.4.1
88 silly idealTree ├── qs@6.5.1
88 silly idealTree ├── random-bytes@1.0.0
88 silly idealTree ├─┬ randomatic@1.1.7
88 silly idealTree │ ├─┬ is-number@3.0.0
88 silly idealTree │ │ └── kind-of@3.2.2
88 silly idealTree │ └── kind-of@4.0.0
88 silly idealTree ├── range-parser@1.2.0
88 silly idealTree ├── raw-body@2.3.2
88 silly idealTree ├── rc@1.2.2
88 silly idealTree ├── readable-stream@2.3.3
88 silly idealTree ├── readdirp@2.1.0
88 silly idealTree ├── regex-cache@0.4.4
88 silly idealTree ├── regexp-clone@0.0.1
88 silly idealTree ├── registry-auth-token@3.3.1
88 silly idealTree ├── registry-url@3.1.0
88 silly idealTree ├── remove-trailing-separator@1.1.0
88 silly idealTree ├── repeat-element@1.1.2
88 silly idealTree ├── repeat-string@1.6.1
88 silly idealTree ├─┬ request@2.81.0
88 silly idealTree │ └── qs@6.4.0
88 silly idealTree ├── require_optional@1.0.1
88 silly idealTree ├── resolve-from@2.0.0
88 silly idealTree ├── right-align@0.1.3
88 silly idealTree ├── rimraf@2.6.2
88 silly idealTree ├── safe-buffer@5.1.1
88 silly idealTree ├── semver-diff@2.1.0
88 silly idealTree ├── semver@5.4.1
88 silly idealTree ├─┬ send@0.15.6
88 silly idealTree │ └── statuses@1.3.1
88 silly idealTree ├── serve-favicon@2.4.5
88 silly idealTree ├── serve-static@1.12.6
88 silly idealTree ├── set-blocking@2.0.0
88 silly idealTree ├── set-immediate-shim@1.0.1
88 silly idealTree ├── setprototypeof@1.0.3
88 silly idealTree ├── shebang-command@1.2.0
88 silly idealTree ├── shebang-regex@1.0.0
88 silly idealTree ├── signal-exit@3.0.2
88 silly idealTree ├── sliced@1.0.1
88 silly idealTree ├── sntp@1.0.9
88 silly idealTree ├── source-map@0.4.4
88 silly idealTree ├── split@0.3.3
88 silly idealTree ├─┬ sshpk@1.13.1
88 silly idealTree │ └── assert-plus@1.0.0
88 silly idealTree ├── statuses@1.4.0
88 silly idealTree ├── stream-combiner@0.0.4
88 silly idealTree ├── streamsearch@0.1.2
88 silly idealTree ├── string_decoder@1.0.3
88 silly idealTree ├── string-width@2.1.1
88 silly idealTree ├── stringstream@0.0.5
88 silly idealTree ├── strip-ansi@4.0.0
88 silly idealTree ├── strip-eof@1.0.0
88 silly idealTree ├── strip-json-comments@2.0.1
88 silly idealTree ├── supports-color@4.5.0
88 silly idealTree ├── tar-pack@3.4.1
88 silly idealTree ├── tar@2.2.1
88 silly idealTree ├── term-size@1.2.0
88 silly idealTree ├── through@2.3.8
88 silly idealTree ├── timed-out@4.0.1
88 silly idealTree ├── touch@3.1.0
88 silly idealTree ├── tough-cookie@2.3.3
88 silly idealTree ├── tunnel-agent@0.6.0
88 silly idealTree ├── tweetnacl@0.14.5
88 silly idealTree ├── type-is@1.6.15
88 silly idealTree ├── typedarray@0.0.6
88 silly idealTree ├─┬ uglify-js@2.8.29
88 silly idealTree │ └── source-map@0.5.7
88 silly idealTree ├── uglify-to-browserify@1.0.2
88 silly idealTree ├── uid-number@0.0.6
88 silly idealTree ├── uid-safe@2.1.5
88 silly idealTree ├── undefsafe@0.0.3
88 silly idealTree ├── unique-string@1.0.0
88 silly idealTree ├── unpipe@1.0.0
88 silly idealTree ├── unzip-response@2.0.1
88 silly idealTree ├── update-notifier@2.3.0
88 silly idealTree ├── url-parse-lax@1.0.0
88 silly idealTree ├── util-deprecate@1.0.2
88 silly idealTree ├── utils-merge@1.0.0
88 silly idealTree ├── uuid@3.1.0
88 silly idealTree ├── validator@8.2.0
88 silly idealTree ├── vary@1.1.2
88 silly idealTree ├─┬ verror@1.10.0
88 silly idealTree │ └── assert-plus@1.0.0
88 silly idealTree ├── which@1.3.0
88 silly idealTree ├─┬ wide-align@1.1.2
88 silly idealTree │ ├── ansi-regex@2.1.1
88 silly idealTree │ ├── is-fullwidth-code-point@1.0.0
88 silly idealTree │ ├── string-width@1.0.2
88 silly idealTree │ └── strip-ansi@3.0.1
88 silly idealTree ├── widest-line@2.0.0
88 silly idealTree ├── window-size@0.1.0
88 silly idealTree ├── wordwrap@0.0.3
88 silly idealTree ├── wrappy@1.0.2
88 silly idealTree ├── write-file-atomic@2.3.0
88 silly idealTree ├── xdg-basedir@3.0.0
88 silly idealTree ├── xtend@4.0.1
88 silly idealTree ├── yallist@2.1.2
88 silly idealTree └─┬ yargs@3.10.0
88 silly idealTree   └── camelcase@1.2.1
89 silly generateActionsToTake Starting
90 silly install generateActionsToTake
91 warn checkPermissions Missing write access to /home/nodejs-projects/Helper-in-Street/node_modules/axios
92 warn checkPermissions Missing write access to /home/nodejs-projects/Helper-in-Street/node_modules/nodemon
93 silly rollbackFailedOptional Starting
94 silly rollbackFailedOptional Finishing
95 silly runTopLevelLifecycles Starting
96 silly runTopLevelLifecycles Finishing
97 silly install printInstalled
98 warn optional Skipping failed optional dependency /chokidar/fsevents:
99 warn notsup Not compatible with your operating system or architecture: fsevents@1.1.3
100 warn enoent ENOENT: no such file or directory, open '/home/nodejs-projects/Helper-in-Street/node_modules/express-sessions/package.json'
101 verbose stack Error: EACCES: permission denied, access '/home/nodejs-projects/Helper-in-Street/node_modules/axios'
101 verbose stack     at Error (native)
102 verbose cwd /home/nodejs-projects/Helper-in-Street
103 error Linux 4.10.0-19-generic
104 error argv "/usr/bin/nodejs" "/usr/bin/npm" "install" "--save" "connect-flash"
105 error node v4.7.2
106 error npm  v3.5.2
107 error path /home/nodejs-projects/Helper-in-Street/node_modules/axios
108 error code EACCES
109 error errno -13
110 error syscall access
111 error Error: EACCES: permission denied, access '/home/nodejs-projects/Helper-in-Street/node_modules/axios'
111 error     at Error (native)
111 error  { [Error: EACCES: permission denied, access '/home/nodejs-projects/Helper-in-Street/node_modules/axios']
111 error   errno: -13,
111 error   code: 'EACCES',
111 error   syscall: 'access',
111 error   path: '/home/nodejs-projects/Helper-in-Street/node_modules/axios' }
112 error Please try running this command again as root/Administrator.
113 verbose exit [ -13, true ]
